{
  "RSpec": {
    "coverage": {
      "/Users/yuvraj/Desktop/StringCalculatorTDD/lib/string_calculator.rb": {
        "lines": [
          1,
          1,
          16,
          null,
          15,
          null,
          15,
          8,
          8,
          20,
          null,
          null,
          15,
          null,
          62,
          15,
          2,
          null,
          null,
          54,
          null,
          13,
          null,
          null
        ]
      },
      "/Users/yuvraj/Desktop/StringCalculatorTDD/app/channels/application_cable/channel.rb": {
        "lines": [
          0,
          0,
          0,
          0
        ],
        "branches": {
        }
      },
      "/Users/yuvraj/Desktop/StringCalculatorTDD/app/channels/application_cable/connection.rb": {
        "lines": [
          0,
          0,
          0,
          0
        ],
        "branches": {
        }
      },
      "/Users/yuvraj/Desktop/StringCalculatorTDD/app/controllers/application_controller.rb": {
        "lines": [
          0,
          0
        ],
        "branches": {
        }
      },
      "/Users/yuvraj/Desktop/StringCalculatorTDD/app/helpers/application_helper.rb": {
        "lines": [
          0,
          0
        ],
        "branches": {
        }
      },
      "/Users/yuvraj/Desktop/StringCalculatorTDD/app/jobs/application_job.rb": {
        "lines": [
          0,
          null,
          null,
          null,
          null,
          null,
          0
        ],
        "branches": {
        }
      },
      "/Users/yuvraj/Desktop/StringCalculatorTDD/app/mailers/application_mailer.rb": {
        "lines": [
          0,
          0,
          0,
          0
        ],
        "branches": {
        }
      },
      "/Users/yuvraj/Desktop/StringCalculatorTDD/app/models/application_record.rb": {
        "lines": [
          0,
          0,
          0
        ],
        "branches": {
        }
      }
    },
    "timestamp": 1717226090
  }
}
